Traceback (most recent call last):
  File "/Users/byeongilmin/Desktop/Project/Money/.venv/lib/python3.12/site-packages/pydantic_settings/sources/base.py", line 548, in __call__
    field_value = self.prepare_field_value(field_name, field, field_value, value_is_complex)
                  ^^^^^^^^^^^^^^^^^^^^^^^^^^^^^^^^^^^^^^^^^^^^^^^^^^^^^^^^^^^^^^^^^^^^^^^^^^
  File "/Users/byeongilmin/Desktop/Project/Money/.venv/lib/python3.12/site-packages/pydantic_settings/sources/providers/env.py", line 131, in prepare_field_value
    raise e
  File "/Users/byeongilmin/Desktop/Project/Money/.venv/lib/python3.12/site-packages/pydantic_settings/sources/providers/env.py", line 128, in prepare_field_value
    value = self.decode_complex_value(field_name, field, value)
            ^^^^^^^^^^^^^^^^^^^^^^^^^^^^^^^^^^^^^^^^^^^^^^^^^^^
  File "/Users/byeongilmin/Desktop/Project/Money/.venv/lib/python3.12/site-packages/pydantic_settings/sources/base.py", line 194, in decode_complex_value
    return json.loads(value)
           ^^^^^^^^^^^^^^^^^
  File "/usr/local/Cellar/python@3.12/3.12.12/Frameworks/Python.framework/Versions/3.12/lib/python3.12/json/__init__.py", line 346, in loads
    return _default_decoder.decode(s)
           ^^^^^^^^^^^^^^^^^^^^^^^^^^
  File "/usr/local/Cellar/python@3.12/3.12.12/Frameworks/Python.framework/Versions/3.12/lib/python3.12/json/decoder.py", line 338, in decode
    obj, end = self.raw_decode(s, idx=_w(s, 0).end())
               ^^^^^^^^^^^^^^^^^^^^^^^^^^^^^^^^^^^^^^
  File "/usr/local/Cellar/python@3.12/3.12.12/Frameworks/Python.framework/Versions/3.12/lib/python3.12/json/decoder.py", line 356, in raw_decode
    raise JSONDecodeError("Expecting value", s, err.value) from None
json.decoder.JSONDecodeError: Expecting value: line 1 column 2 (char 1)

The above exception was the direct cause of the following exception:

Traceback (most recent call last):
  File "/Users/byeongilmin/Desktop/Project/Money/.venv/bin/uvicorn", line 6, in <module>
    sys.exit(main())
             ^^^^^^
  File "/Users/byeongilmin/Desktop/Project/Money/.venv/lib/python3.12/site-packages/click/core.py", line 1485, in __call__
    return self.main(*args, **kwargs)
           ^^^^^^^^^^^^^^^^^^^^^^^^^^
  File "/Users/byeongilmin/Desktop/Project/Money/.venv/lib/python3.12/site-packages/click/core.py", line 1406, in main
    rv = self.invoke(ctx)
         ^^^^^^^^^^^^^^^^
  File "/Users/byeongilmin/Desktop/Project/Money/.venv/lib/python3.12/site-packages/click/core.py", line 1269, in invoke
    return ctx.invoke(self.callback, **ctx.params)
           ^^^^^^^^^^^^^^^^^^^^^^^^^^^^^^^^^^^^^^^
  File "/Users/byeongilmin/Desktop/Project/Money/.venv/lib/python3.12/site-packages/click/core.py", line 824, in invoke
    return callback(*args, **kwargs)
           ^^^^^^^^^^^^^^^^^^^^^^^^^
  File "/Users/byeongilmin/Desktop/Project/Money/.venv/lib/python3.12/site-packages/uvicorn/main.py", line 433, in main
    run(
  File "/Users/byeongilmin/Desktop/Project/Money/.venv/lib/python3.12/site-packages/uvicorn/main.py", line 606, in run
    server.run()
  File "/Users/byeongilmin/Desktop/Project/Money/.venv/lib/python3.12/site-packages/uvicorn/server.py", line 75, in run
    return asyncio_run(self.serve(sockets=sockets), loop_factory=self.config.get_loop_factory())
           ^^^^^^^^^^^^^^^^^^^^^^^^^^^^^^^^^^^^^^^^^^^^^^^^^^^^^^^^^^^^^^^^^^^^^^^^^^^^^^^^^^^^^
  File "/usr/local/Cellar/python@3.12/3.12.12/Frameworks/Python.framework/Versions/3.12/lib/python3.12/asyncio/runners.py", line 195, in run
    return runner.run(main)
           ^^^^^^^^^^^^^^^^
  File "/usr/local/Cellar/python@3.12/3.12.12/Frameworks/Python.framework/Versions/3.12/lib/python3.12/asyncio/runners.py", line 118, in run
    return self._loop.run_until_complete(task)
           ^^^^^^^^^^^^^^^^^^^^^^^^^^^^^^^^^^^
  File "/usr/local/Cellar/python@3.12/3.12.12/Frameworks/Python.framework/Versions/3.12/lib/python3.12/asyncio/base_events.py", line 691, in run_until_complete
    return future.result()
           ^^^^^^^^^^^^^^^
  File "/Users/byeongilmin/Desktop/Project/Money/.venv/lib/python3.12/site-packages/uvicorn/server.py", line 79, in serve
    await self._serve(sockets)
  File "/Users/byeongilmin/Desktop/Project/Money/.venv/lib/python3.12/site-packages/uvicorn/server.py", line 86, in _serve
    config.load()
  File "/Users/byeongilmin/Desktop/Project/Money/.venv/lib/python3.12/site-packages/uvicorn/config.py", line 441, in load
    self.loaded_app = import_from_string(self.app)
                      ^^^^^^^^^^^^^^^^^^^^^^^^^^^^
  File "/Users/byeongilmin/Desktop/Project/Money/.venv/lib/python3.12/site-packages/uvicorn/importer.py", line 19, in import_from_string
    module = importlib.import_module(module_str)
             ^^^^^^^^^^^^^^^^^^^^^^^^^^^^^^^^^^^
  File "/usr/local/Cellar/python@3.12/3.12.12/Frameworks/Python.framework/Versions/3.12/lib/python3.12/importlib/__init__.py", line 90, in import_module
    return _bootstrap._gcd_import(name[level:], package, level)
           ^^^^^^^^^^^^^^^^^^^^^^^^^^^^^^^^^^^^^^^^^^^^^^^^^^^^
  File "<frozen importlib._bootstrap>", line 1387, in _gcd_import
  File "<frozen importlib._bootstrap>", line 1360, in _find_and_load
  File "<frozen importlib._bootstrap>", line 1331, in _find_and_load_unlocked
  File "<frozen importlib._bootstrap>", line 935, in _load_unlocked
  File "<frozen importlib._bootstrap_external>", line 999, in exec_module
  File "<frozen importlib._bootstrap>", line 488, in _call_with_frames_removed
  File "/Users/byeongilmin/Desktop/Project/Money/main.py", line 1, in <module>
    from app.api.app import app
  File "/Users/byeongilmin/Desktop/Project/Money/app/api/__init__.py", line 1, in <module>
    from .app import app
  File "/Users/byeongilmin/Desktop/Project/Money/app/api/app.py", line 5, in <module>
    from app.api.routes_admin import router as admin_router
  File "/Users/byeongilmin/Desktop/Project/Money/app/api/routes_admin.py", line 9, in <module>
    from app.risk.risk_manager import RiskDecision
  File "/Users/byeongilmin/Desktop/Project/Money/app/risk/__init__.py", line 1, in <module>
    from .risk_manager import RiskManager, RiskDecision
  File "/Users/byeongilmin/Desktop/Project/Money/app/risk/risk_manager.py", line 8, in <module>
    from app.db.models import RiskEvent as RiskEventRecord
  File "/Users/byeongilmin/Desktop/Project/Money/app/db/__init__.py", line 1, in <module>
    from .session import SessionLocal, engine, get_db
  File "/Users/byeongilmin/Desktop/Project/Money/app/db/session.py", line 8, in <module>
    settings = get_settings()
               ^^^^^^^^^^^^^^
  File "/Users/byeongilmin/Desktop/Project/Money/app/config/settings.py", line 275, in get_settings
    _settings = Settings()
                ^^^^^^^^^^
  File "/Users/byeongilmin/Desktop/Project/Money/.venv/lib/python3.12/site-packages/pydantic_settings/main.py", line 242, in __init__
    super().__init__(**__pydantic_self__.__class__._settings_build_values(sources, init_kwargs))
                       ^^^^^^^^^^^^^^^^^^^^^^^^^^^^^^^^^^^^^^^^^^^^^^^^^^^^^^^^^^^^^^^^^^^^^^^^
  File "/Users/byeongilmin/Desktop/Project/Money/.venv/lib/python3.12/site-packages/pydantic_settings/main.py", line 465, in _settings_build_values
    source_state = source()
                   ^^^^^^^^
  File "/Users/byeongilmin/Desktop/Project/Money/.venv/lib/python3.12/site-packages/pydantic_settings/sources/providers/dotenv.py", line 108, in __call__
    data: dict[str, Any] = super().__call__()
                           ^^^^^^^^^^^^^^^^^^
  File "/Users/byeongilmin/Desktop/Project/Money/.venv/lib/python3.12/site-packages/pydantic_settings/sources/base.py", line 550, in __call__
    raise SettingsError(
pydantic_settings.exceptions.SettingsError: error parsing value for field "included_symbols" from source "DotEnvSettingsSource"
